<?xml version="1.0" encoding="UTF-8"?>
<testng-results skipped="0" failed="0" total="1" passed="1">
  <reporter-output>
  </reporter-output>
  <suite name="Default suite" duration-ms="7204" started-at="2016-03-16T01:33:57Z" finished-at="2016-03-16T01:34:04Z">
    <groups>
    </groups>
    <test name="Default test" duration-ms="7204" started-at="2016-03-16T01:33:57Z" finished-at="2016-03-16T01:34:04Z">
      <class name="Assignmnt02.Clickingtest">
        <test-method status="PASS" signature="beforeClass()[pri:0, instance:Assignmnt02.Clickingtest@194fad1]" name="beforeClass" is-config="true" duration-ms="7171" started-at="2016-03-15T21:33:57Z" finished-at="2016-03-15T21:34:04Z">
          <reporter-output>
          </reporter-output>
        </test-method> <!-- beforeClass -->
        <test-method status="PASS" signature="f()[pri:0, instance:Assignmnt02.Clickingtest@194fad1]" name="f" duration-ms="6" started-at="2016-03-15T21:34:04Z" finished-at="2016-03-15T21:34:04Z">
          <reporter-output>
          </reporter-output>
        </test-method> <!-- f -->
        <test-method status="PASS" signature="beforeMethod()[pri:0, instance:Assignmnt02.Clickingtest@194fad1]" name="beforeMethod" is-config="true" duration-ms="0" started-at="2016-03-15T21:34:04Z" finished-at="2016-03-15T21:34:04Z">
          <reporter-output>
          </reporter-output>
        </test-method> <!-- beforeMethod -->
        <test-method status="PASS" signature="afterMethod()[pri:0, instance:Assignmnt02.Clickingtest@194fad1]" name="afterMethod" is-config="true" duration-ms="0" started-at="2016-03-15T21:34:04Z" finished-at="2016-03-15T21:34:04Z">
          <reporter-output>
          </reporter-output>
        </test-method> <!-- afterMethod -->
        <test-method status="PASS" signature="afterClass()[pri:0, instance:Assignmnt02.Clickingtest@194fad1]" name="afterClass" is-config="true" duration-ms="0" started-at="2016-03-15T21:34:04Z" finished-at="2016-03-15T21:34:04Z">
          <reporter-output>
          </reporter-output>
        </test-method> <!-- afterClass -->
      </class> <!-- Assignmnt02.Clickingtest -->
    </test> <!-- Default test -->
  </suite> <!-- Default suite -->
</testng-results>
